2025-10-01 14:53:21,946 - INFO - Logging initialized. Log file: /mnt/d/smart-home-ml-task/models/logs/isolation_forest_training_20251001_145321.log
2025-10-01 14:53:21,946 - INFO - Updated model parameters: {'n_estimators': 700, 'contamination': 0.02, 'max_samples': 0.9, 'max_features': 0.8, 'bootstrap': True, 'warm_start': True, 'random_state': 42, 'n_jobs': -1}
2025-10-01 14:53:21,947 - INFO - ================================================================================
2025-10-01 14:53:21,947 - INFO - STARTING ISOLATION FOREST TRAINING AND VALIDATION
2025-10-01 14:53:21,947 - INFO - ================================================================================
2025-10-01 14:53:21,948 - INFO - Loading training data...
2025-10-01 14:53:22,410 - INFO - Loaded 80 training files with 301484 total samples
2025-10-01 14:53:22,412 - INFO - Loading validation data...
2025-10-01 14:53:22,460 - INFO - Loaded 10 validation files with 40320 total samples
2025-10-01 14:53:22,460 - INFO - Loading test data...
2025-10-01 14:53:22,516 - INFO - Loaded 10 test files with 40320 total samples
2025-10-01 14:53:22,517 - INFO - Starting model training...
2025-10-01 14:53:22,517 - INFO - Model parameters: {'n_estimators': 700, 'contamination': 0.02, 'max_samples': 0.9, 'max_features': 0.8, 'bootstrap': True, 'warm_start': True, 'random_state': 42, 'n_jobs': -1}
2025-10-01 14:53:22,517 - INFO - Starting feature engineering...
2025-10-01 14:53:24,391 - INFO - Feature engineering complete. Generated 128 features
2025-10-01 14:53:24,391 - INFO - Features used: ['temperature_living_room', 'window_open', 'power_consumption_fridge', 'motion_detected_hallway', 'door_state_front', 'hour', 'day_of_week', 'month', 'day_of_year', 'hour_sin', 'hour_cos', 'day_of_week_sin', 'day_of_week_cos', 'month_sin', 'month_cos', 'is_weekend', 'is_night', 'is_business_hours', 'is_peak_hours', 'is_early_morning', 'is_late_evening', 'temp_mean_30m', 'temp_std_30m', 'temp_max_30m', 'temp_min_30m', 'temp_diff_now_vs_mean_30m', 'temp_range_30m', 'temp_zscore_30m', 'temp_mean_60m', 'temp_std_60m', 'temp_max_60m', 'temp_min_60m', 'temp_diff_now_vs_mean_60m', 'temp_range_60m', 'temp_zscore_60m', 'temp_mean_120m', 'temp_std_120m', 'temp_max_120m', 'temp_min_120m', 'temp_diff_now_vs_mean_120m', 'temp_range_120m', 'temp_zscore_120m', 'temp_mean_360m', 'temp_std_360m', 'temp_max_360m', 'temp_min_360m', 'temp_diff_now_vs_mean_360m', 'temp_range_360m', 'temp_zscore_360m', 'temp_velocity_5m', 'temp_acceleration_5m', 'temp_velocity_15m', 'temp_acceleration_15m', 'temp_velocity_30m', 'temp_acceleration_30m', 'temp_extreme_high', 'temp_very_high', 'temp_high', 'temp_very_low', 'temp_stable_30m', 'temp_volatile_30m', 'temp_stable_60m', 'temp_volatile_60m', 'temp_stable_120m', 'temp_volatile_120m', 'fridge_mean_30m', 'fridge_std_30m', 'fridge_median_30m', 'fridge_mean_60m', 'fridge_std_60m', 'fridge_median_60m', 'fridge_mean_120m', 'fridge_std_120m', 'fridge_median_120m', 'fridge_mean_360m', 'fridge_std_360m', 'fridge_median_360m', 'fridge_power_ratio_6h', 'fridge_power_ratio_1h', 'fridge_cv_30m', 'fridge_cv_60m', 'fridge_cv_120m', 'fridge_diff_5m', 'fridge_pct_change_5m', 'fridge_diff_15m', 'fridge_pct_change_15m', 'fridge_diff_30m', 'fridge_pct_change_30m', 'fridge_spike_30m', 'fridge_spike_60m', 'fridge_power_very_low', 'fridge_power_low', 'fridge_power_normal', 'fridge_power_high', 'fridge_power_very_high', 'motion_streak', 'time_since_last_motion', 'motion_rate_30m', 'motion_sum_30m', 'motion_rate_60m', 'motion_sum_60m', 'motion_rate_180m', 'motion_sum_180m', 'motion_rate_360m', 'motion_sum_360m', 'night_motion', 'door_open_streak', 'time_since_door_opened', 'door_open_rate_30m', 'door_open_rate_60m', 'door_open_rate_180m', 'window_open_streak', 'time_since_window_opened', 'window_open_rate_30m', 'window_open_rate_60m', 'window_open_rate_120m', 'temp_when_window_open', 'temp_when_window_closed', 'temp_change_with_window_5m', 'temp_change_with_window_15m', 'temp_change_with_window_30m', 'motion_with_door_open', 'motion_with_door_closed', 'motion_with_window_open', 'door_and_window_open', 'door_or_window_open', 'power_temp_ratio', 'temp_power_interaction']
2025-10-01 14:54:16,284 - INFO - Model training completed with 301484 samples
2025-10-01 14:54:16,284 - INFO - No feature scaling applied - using raw features for optimal tree-based performance
2025-10-01 14:54:16,290 - INFO - Evaluating model on validation data...
2025-10-01 14:54:16,290 - INFO - Starting feature engineering...
2025-10-01 14:54:16,538 - INFO - Feature engineering complete. Generated 128 features
2025-10-01 14:54:16,539 - INFO - Features used: ['temperature_living_room', 'window_open', 'power_consumption_fridge', 'motion_detected_hallway', 'door_state_front', 'hour', 'day_of_week', 'month', 'day_of_year', 'hour_sin', 'hour_cos', 'day_of_week_sin', 'day_of_week_cos', 'month_sin', 'month_cos', 'is_weekend', 'is_night', 'is_business_hours', 'is_peak_hours', 'is_early_morning', 'is_late_evening', 'temp_mean_30m', 'temp_std_30m', 'temp_max_30m', 'temp_min_30m', 'temp_diff_now_vs_mean_30m', 'temp_range_30m', 'temp_zscore_30m', 'temp_mean_60m', 'temp_std_60m', 'temp_max_60m', 'temp_min_60m', 'temp_diff_now_vs_mean_60m', 'temp_range_60m', 'temp_zscore_60m', 'temp_mean_120m', 'temp_std_120m', 'temp_max_120m', 'temp_min_120m', 'temp_diff_now_vs_mean_120m', 'temp_range_120m', 'temp_zscore_120m', 'temp_mean_360m', 'temp_std_360m', 'temp_max_360m', 'temp_min_360m', 'temp_diff_now_vs_mean_360m', 'temp_range_360m', 'temp_zscore_360m', 'temp_velocity_5m', 'temp_acceleration_5m', 'temp_velocity_15m', 'temp_acceleration_15m', 'temp_velocity_30m', 'temp_acceleration_30m', 'temp_extreme_high', 'temp_very_high', 'temp_high', 'temp_very_low', 'temp_stable_30m', 'temp_volatile_30m', 'temp_stable_60m', 'temp_volatile_60m', 'temp_stable_120m', 'temp_volatile_120m', 'fridge_mean_30m', 'fridge_std_30m', 'fridge_median_30m', 'fridge_mean_60m', 'fridge_std_60m', 'fridge_median_60m', 'fridge_mean_120m', 'fridge_std_120m', 'fridge_median_120m', 'fridge_mean_360m', 'fridge_std_360m', 'fridge_median_360m', 'fridge_power_ratio_6h', 'fridge_power_ratio_1h', 'fridge_cv_30m', 'fridge_cv_60m', 'fridge_cv_120m', 'fridge_diff_5m', 'fridge_pct_change_5m', 'fridge_diff_15m', 'fridge_pct_change_15m', 'fridge_diff_30m', 'fridge_pct_change_30m', 'fridge_spike_30m', 'fridge_spike_60m', 'fridge_power_very_low', 'fridge_power_low', 'fridge_power_normal', 'fridge_power_high', 'fridge_power_very_high', 'motion_streak', 'time_since_last_motion', 'motion_rate_30m', 'motion_sum_30m', 'motion_rate_60m', 'motion_sum_60m', 'motion_rate_180m', 'motion_sum_180m', 'motion_rate_360m', 'motion_sum_360m', 'night_motion', 'door_open_streak', 'time_since_door_opened', 'door_open_rate_30m', 'door_open_rate_60m', 'door_open_rate_180m', 'window_open_streak', 'time_since_window_opened', 'window_open_rate_30m', 'window_open_rate_60m', 'window_open_rate_120m', 'temp_when_window_open', 'temp_when_window_closed', 'temp_change_with_window_5m', 'temp_change_with_window_15m', 'temp_change_with_window_30m', 'motion_with_door_open', 'motion_with_door_closed', 'motion_with_window_open', 'door_and_window_open', 'door_or_window_open', 'power_temp_ratio', 'temp_power_interaction']
2025-10-01 14:54:19,719 - INFO - validation Evaluation Results:
2025-10-01 14:54:19,719 - INFO -   Overall Precision: 0.6516
2025-10-01 14:54:19,720 - INFO -   Overall Recall: 0.9733
2025-10-01 14:54:19,720 - INFO -   Overall F1-Score: 0.7806
2025-10-01 14:54:19,720 - INFO -   Total Samples: 40320
2025-10-01 14:54:19,720 - INFO -   True Anomalies: 2584
2025-10-01 14:54:19,720 - INFO -   TYPE_1 - Recall: 1.0000, Samples: 561
2025-10-01 14:54:19,720 - INFO -   TYPE_2 - Recall: 1.0000, Samples: 738
2025-10-01 14:54:19,720 - INFO -   TYPE_3 - Recall: 0.9633, Samples: 381
2025-10-01 14:54:19,721 - INFO -   TYPE_4 - Recall: 0.9699, Samples: 299
2025-10-01 14:54:19,721 - INFO -   TYPE_5 - Recall: 0.8777, Samples: 376
2025-10-01 14:54:19,721 - INFO -   TYPE_6 - Recall: 1.0000, Samples: 229
2025-10-01 14:54:19,721 - INFO - Evaluating model on test data...
2025-10-01 14:54:19,724 - INFO - Starting feature engineering...
2025-10-01 14:54:19,963 - INFO - Feature engineering complete. Generated 128 features
2025-10-01 14:54:19,963 - INFO - Features used: ['temperature_living_room', 'window_open', 'power_consumption_fridge', 'motion_detected_hallway', 'door_state_front', 'hour', 'day_of_week', 'month', 'day_of_year', 'hour_sin', 'hour_cos', 'day_of_week_sin', 'day_of_week_cos', 'month_sin', 'month_cos', 'is_weekend', 'is_night', 'is_business_hours', 'is_peak_hours', 'is_early_morning', 'is_late_evening', 'temp_mean_30m', 'temp_std_30m', 'temp_max_30m', 'temp_min_30m', 'temp_diff_now_vs_mean_30m', 'temp_range_30m', 'temp_zscore_30m', 'temp_mean_60m', 'temp_std_60m', 'temp_max_60m', 'temp_min_60m', 'temp_diff_now_vs_mean_60m', 'temp_range_60m', 'temp_zscore_60m', 'temp_mean_120m', 'temp_std_120m', 'temp_max_120m', 'temp_min_120m', 'temp_diff_now_vs_mean_120m', 'temp_range_120m', 'temp_zscore_120m', 'temp_mean_360m', 'temp_std_360m', 'temp_max_360m', 'temp_min_360m', 'temp_diff_now_vs_mean_360m', 'temp_range_360m', 'temp_zscore_360m', 'temp_velocity_5m', 'temp_acceleration_5m', 'temp_velocity_15m', 'temp_acceleration_15m', 'temp_velocity_30m', 'temp_acceleration_30m', 'temp_extreme_high', 'temp_very_high', 'temp_high', 'temp_very_low', 'temp_stable_30m', 'temp_volatile_30m', 'temp_stable_60m', 'temp_volatile_60m', 'temp_stable_120m', 'temp_volatile_120m', 'fridge_mean_30m', 'fridge_std_30m', 'fridge_median_30m', 'fridge_mean_60m', 'fridge_std_60m', 'fridge_median_60m', 'fridge_mean_120m', 'fridge_std_120m', 'fridge_median_120m', 'fridge_mean_360m', 'fridge_std_360m', 'fridge_median_360m', 'fridge_power_ratio_6h', 'fridge_power_ratio_1h', 'fridge_cv_30m', 'fridge_cv_60m', 'fridge_cv_120m', 'fridge_diff_5m', 'fridge_pct_change_5m', 'fridge_diff_15m', 'fridge_pct_change_15m', 'fridge_diff_30m', 'fridge_pct_change_30m', 'fridge_spike_30m', 'fridge_spike_60m', 'fridge_power_very_low', 'fridge_power_low', 'fridge_power_normal', 'fridge_power_high', 'fridge_power_very_high', 'motion_streak', 'time_since_last_motion', 'motion_rate_30m', 'motion_sum_30m', 'motion_rate_60m', 'motion_sum_60m', 'motion_rate_180m', 'motion_sum_180m', 'motion_rate_360m', 'motion_sum_360m', 'night_motion', 'door_open_streak', 'time_since_door_opened', 'door_open_rate_30m', 'door_open_rate_60m', 'door_open_rate_180m', 'window_open_streak', 'time_since_window_opened', 'window_open_rate_30m', 'window_open_rate_60m', 'window_open_rate_120m', 'temp_when_window_open', 'temp_when_window_closed', 'temp_change_with_window_5m', 'temp_change_with_window_15m', 'temp_change_with_window_30m', 'motion_with_door_open', 'motion_with_door_closed', 'motion_with_window_open', 'door_and_window_open', 'door_or_window_open', 'power_temp_ratio', 'temp_power_interaction']
2025-10-01 14:54:23,183 - INFO - test Evaluation Results:
2025-10-01 14:54:23,183 - INFO -   Overall Precision: 0.6483
2025-10-01 14:54:23,183 - INFO -   Overall Recall: 0.9846
2025-10-01 14:54:23,183 - INFO -   Overall F1-Score: 0.7819
2025-10-01 14:54:23,184 - INFO -   Total Samples: 40320
2025-10-01 14:54:23,184 - INFO -   True Anomalies: 2732
2025-10-01 14:54:23,184 - INFO -   TYPE_1 - Recall: 0.9981, Samples: 515
2025-10-01 14:54:23,184 - INFO -   TYPE_2 - Recall: 1.0000, Samples: 800
2025-10-01 14:54:23,184 - INFO -   TYPE_3 - Recall: 0.9708, Samples: 445
2025-10-01 14:54:23,185 - INFO -   TYPE_4 - Recall: 0.9565, Samples: 299
2025-10-01 14:54:23,185 - INFO -   TYPE_5 - Recall: 0.9655, Samples: 435
2025-10-01 14:54:23,185 - INFO -   TYPE_6 - Recall: 1.0000, Samples: 238
2025-10-01 14:54:27,329 - INFO - Model saved to: /mnt/d/smart-home-ml-task/models/estimators_700.joblib
2025-10-01 14:54:27,329 - INFO - Results saved to: /mnt/d/smart-home-ml-task/models/results/estimators_700_results.json
2025-10-01 14:54:27,329 - INFO - ================================================================================
2025-10-01 14:54:27,329 - INFO - TRAINING AND VALIDATION COMPLETED
2025-10-01 14:54:27,329 - INFO - ================================================================================
